game_start_message
  game_info: {'player_num': 2, 'rule': {'initial_stack': 1000, 'max_round': 20, 'small_blind_amount': 5, 'ante': 0, 'blind_structure': {}}, 'seats': [{'name': 'p1', 'uuid': 'zlxsbrkkbrmoskwjlqraow', 'stack': 1000, 'state': 'participating'}, {'name': 'p2', 'uuid': 'ivxtewljublgkywrshtabk', 'stack': 1000, 'state': 'participating'}]}
Enter some key to continue ...round_start_message
  round_count 1
  hole_cards ['HQ', 'D3']
  seats [{'name': 'p1', 'uuid': 'zlxsbrkkbrmoskwjlqraow', 'stack': 990, 'state': 'participating'}, {'name': 'p2', 'uuid': 'ivxtewljublgkywrshtabk', 'stack': 995, 'state': 'participating'}]
Enter some key to continue ...street_start_message
  street preflop
  round_state {'street': 'preflop', 'pot': {'main': {'amount': 15}, 'side': []}, 'community_card': [], 'dealer_btn': 0, 'next_player': 1, 'small_blind_pos': 1, 'big_blind_pos': 0, 'round_count': 1, 'small_blind_amount': 5, 'seats': [{'name': 'p1', 'uuid': 'zlxsbrkkbrmoskwjlqraow', 'stack': 990, 'state': 'participating'}, {'name': 'p2', 'uuid': 'ivxtewljublgkywrshtabk', 'stack': 995, 'state': 'participating'}], 'action_histories': {'preflop': [{'action': 'SMALLBLIND', 'amount': 5, 'add_amount': 5, 'uuid': 'ivxtewljublgkywrshtabk'}, {'action': 'BIGBLIND', 'amount': 10, 'add_amount': 5, 'uuid': 'zlxsbrkkbrmoskwjlqraow'}]}}
Enter some key to continue ...Started the round 1
Street "preflop" started. (community card = [])
Enter f(fold), c(call), r(raise).
 >> game_update_message
  action {'player_uuid': 'ivxtewljublgkywrshtabk', 'action': 'fold', 'amount': 0}
  round_state {'street': 'preflop', 'pot': {'main': {'amount': 15}, 'side': []}, 'community_card': [], 'dealer_btn': 0, 'next_player': 1, 'small_blind_pos': 1, 'big_blind_pos': 0, 'round_count': 1, 'small_blind_amount': 5, 'seats': [{'name': 'p1', 'uuid': 'zlxsbrkkbrmoskwjlqraow', 'stack': 990, 'state': 'participating'}, {'name': 'p2', 'uuid': 'ivxtewljublgkywrshtabk', 'stack': 995, 'state': 'folded'}], 'action_histories': {'preflop': [{'action': 'SMALLBLIND', 'amount': 5, 'add_amount': 5, 'uuid': 'ivxtewljublgkywrshtabk'}, {'action': 'BIGBLIND', 'amount': 10, 'add_amount': 5, 'uuid': 'zlxsbrkkbrmoskwjlqraow'}, {'action': 'FOLD', 'uuid': 'ivxtewljublgkywrshtabk'}]}}
Enter some key to continue ..."p2" declared "fold:0"
"['p1']" won the round 1 (stack = {'p1': 1005, 'p2': 995})
round_result_message
  winners [{'name': 'p1', 'uuid': 'zlxsbrkkbrmoskwjlqraow', 'stack': 1005, 'state': 'participating'}]
  hand_info []
  round_state {'street': 'showdown', 'pot': {'main': {'amount': 15}, 'side': []}, 'community_card': ['C6', 'C3', 'DJ', 'SA', 'H9'], 'dealer_btn': 0, 'next_player': 0, 'small_blind_pos': 1, 'big_blind_pos': 0, 'round_count': 1, 'small_blind_amount': 5, 'seats': [{'name': 'p1', 'uuid': 'zlxsbrkkbrmoskwjlqraow', 'stack': 1005, 'state': 'participating'}, {'name': 'p2', 'uuid': 'ivxtewljublgkywrshtabk', 'stack': 995, 'state': 'folded'}], 'action_histories': {'preflop': [{'action': 'SMALLBLIND', 'amount': 5, 'add_amount': 5, 'uuid': 'ivxtewljublgkywrshtabk'}, {'action': 'BIGBLIND', 'amount': 10, 'add_amount': 5, 'uuid': 'zlxsbrkkbrmoskwjlqraow'}, {'action': 'FOLD', 'uuid': 'ivxtewljublgkywrshtabk'}], 'flop': []}}
Enter some key to continue ...round_start_message
  round_count 2
  hole_cards ['C3', 'CK']
  seats [{'name': 'p1', 'uuid': 'zlxsbrkkbrmoskwjlqraow', 'stack': 1000, 'state': 'participating'}, {'name': 'p2', 'uuid': 'ivxtewljublgkywrshtabk', 'stack': 985, 'state': 'participating'}]
Enter some key to continue ...street_start_message
  street preflop
  round_state {'street': 'preflop', 'pot': {'main': {'amount': 15}, 'side': []}, 'community_card': [], 'dealer_btn': 1, 'next_player': 0, 'small_blind_pos': 0, 'big_blind_pos': 1, 'round_count': 2, 'small_blind_amount': 5, 'seats': [{'name': 'p1', 'uuid': 'zlxsbrkkbrmoskwjlqraow', 'stack': 1000, 'state': 'participating'}, {'name': 'p2', 'uuid': 'ivxtewljublgkywrshtabk', 'stack': 985, 'state': 'participating'}], 'action_histories': {'preflop': [{'action': 'SMALLBLIND', 'amount': 5, 'add_amount': 5, 'uuid': 'zlxsbrkkbrmoskwjlqraow'}, {'action': 'BIGBLIND', 'amount': 10, 'add_amount': 5, 'uuid': 'ivxtewljublgkywrshtabk'}]}}
Enter some key to continue ...Started the round 2
Street "preflop" started. (community card = [])
declare_action
  valid_actions: [{'action': 'fold', 'amount': 0}, {'action': 'call', 'amount': 10}, {'action': 'raise', 'amount': {'min': 15, 'max': 1005}}]
  hole_cards ['C3', 'CK']
  round_state {'street': 'preflop', 'pot': {'main': {'amount': 15}, 'side': []}, 'community_card': [], 'dealer_btn': 1, 'next_player': 0, 'small_blind_pos': 0, 'big_blind_pos': 1, 'round_count': 2, 'small_blind_amount': 5, 'seats': [{'name': 'p1', 'uuid': 'zlxsbrkkbrmoskwjlqraow', 'stack': 1000, 'state': 'participating'}, {'name': 'p2', 'uuid': 'ivxtewljublgkywrshtabk', 'stack': 985, 'state': 'participating'}], 'action_histories': {'preflop': [{'action': 'SMALLBLIND', 'amount': 5, 'add_amount': 5, 'uuid': 'zlxsbrkkbrmoskwjlqraow'}, {'action': 'BIGBLIND', 'amount': 10, 'add_amount': 5, 'uuid': 'ivxtewljublgkywrshtabk'}]}}
game_update_message
  action {'player_uuid': 'zlxsbrkkbrmoskwjlqraow', 'action': 'call', 'amount': 10}
  round_state {'street': 'preflop', 'pot': {'main': {'amount': 20}, 'side': []}, 'community_card': [], 'dealer_btn': 1, 'next_player': 0, 'small_blind_pos': 0, 'big_blind_pos': 1, 'round_count': 2, 'small_blind_amount': 5, 'seats': [{'name': 'p1', 'uuid': 'zlxsbrkkbrmoskwjlqraow', 'stack': 995, 'state': 'participating'}, {'name': 'p2', 'uuid': 'ivxtewljublgkywrshtabk', 'stack': 985, 'state': 'participating'}], 'action_histories': {'preflop': [{'action': 'SMALLBLIND', 'amount': 5, 'add_amount': 5, 'uuid': 'zlxsbrkkbrmoskwjlqraow'}, {'action': 'BIGBLIND', 'amount': 10, 'add_amount': 5, 'uuid': 'ivxtewljublgkywrshtabk'}, {'action': 'CALL', 'amount': 10, 'paid': 5, 'uuid': 'zlxsbrkkbrmoskwjlqraow'}]}}
Enter some key to continue ..."p1" declared "call:10"
Enter f(fold), c(call), r(raise).
 >> game_update_message
  action {'player_uuid': 'ivxtewljublgkywrshtabk', 'action': 'call', 'amount': 10}
  round_state {'street': 'preflop', 'pot': {'main': {'amount': 20}, 'side': []}, 'community_card': [], 'dealer_btn': 1, 'next_player': 1, 'small_blind_pos': 0, 'big_blind_pos': 1, 'round_count': 2, 'small_blind_amount': 5, 'seats': [{'name': 'p1', 'uuid': 'zlxsbrkkbrmoskwjlqraow', 'stack': 995, 'state': 'participating'}, {'name': 'p2', 'uuid': 'ivxtewljublgkywrshtabk', 'stack': 985, 'state': 'participating'}], 'action_histories': {'preflop': [{'action': 'SMALLBLIND', 'amount': 5, 'add_amount': 5, 'uuid': 'zlxsbrkkbrmoskwjlqraow'}, {'action': 'BIGBLIND', 'amount': 10, 'add_amount': 5, 'uuid': 'ivxtewljublgkywrshtabk'}, {'action': 'CALL', 'amount': 10, 'paid': 5, 'uuid': 'zlxsbrkkbrmoskwjlqraow'}, {'action': 'CALL', 'amount': 10, 'paid': 0, 'uuid': 'ivxtewljublgkywrshtabk'}]}}
Enter some key to continue ...street_start_message
  street flop
  round_state {'street': 'flop', 'pot': {'main': {'amount': 20}, 'side': []}, 'community_card': ['S7', 'HT', 'H7'], 'dealer_btn': 1, 'next_player': 0, 'small_blind_pos': 0, 'big_blind_pos': 1, 'round_count': 2, 'small_blind_amount': 5, 'seats': [{'name': 'p1', 'uuid': 'zlxsbrkkbrmoskwjlqraow', 'stack': 995, 'state': 'participating'}, {'name': 'p2', 'uuid': 'ivxtewljublgkywrshtabk', 'stack': 985, 'state': 'participating'}], 'action_histories': {'preflop': [{'action': 'SMALLBLIND', 'amount': 5, 'add_amount': 5, 'uuid': 'zlxsbrkkbrmoskwjlqraow'}, {'action': 'BIGBLIND', 'amount': 10, 'add_amount': 5, 'uuid': 'ivxtewljublgkywrshtabk'}, {'action': 'CALL', 'amount': 10, 'paid': 5, 'uuid': 'zlxsbrkkbrmoskwjlqraow'}, {'action': 'CALL', 'amount': 10, 'paid': 0, 'uuid': 'ivxtewljublgkywrshtabk'}], 'flop': []}}
Enter some key to continue ..."p2" declared "call:10"
Street "flop" started. (community card = ['S7', 'HT', 'H7'])
declare_action
  valid_actions: [{'action': 'fold', 'amount': 0}, {'action': 'call', 'amount': 0}, {'action': 'raise', 'amount': {'min': 10, 'max': 995}}]
  hole_cards ['C3', 'CK']
  round_state {'street': 'flop', 'pot': {'main': {'amount': 20}, 'side': []}, 'community_card': ['S7', 'HT', 'H7'], 'dealer_btn': 1, 'next_player': 0, 'small_blind_pos': 0, 'big_blind_pos': 1, 'round_count': 2, 'small_blind_amount': 5, 'seats': [{'name': 'p1', 'uuid': 'zlxsbrkkbrmoskwjlqraow', 'stack': 995, 'state': 'participating'}, {'name': 'p2', 'uuid': 'ivxtewljublgkywrshtabk', 'stack': 985, 'state': 'participating'}], 'action_histories': {'preflop': [{'action': 'SMALLBLIND', 'amount': 5, 'add_amount': 5, 'uuid': 'zlxsbrkkbrmoskwjlqraow'}, {'action': 'BIGBLIND', 'amount': 10, 'add_amount': 5, 'uuid': 'ivxtewljublgkywrshtabk'}, {'action': 'CALL', 'amount': 10, 'paid': 5, 'uuid': 'zlxsbrkkbrmoskwjlqraow'}, {'action': 'CALL', 'amount': 10, 'paid': 0, 'uuid': 'ivxtewljublgkywrshtabk'}], 'flop': []}}
game_update_message
  action {'player_uuid': 'zlxsbrkkbrmoskwjlqraow', 'action': 'call', 'amount': 0}
  round_state {'street': 'flop', 'pot': {'main': {'amount': 20}, 'side': []}, 'community_card': ['S7', 'HT', 'H7'], 'dealer_btn': 1, 'next_player': 0, 'small_blind_pos': 0, 'big_blind_pos': 1, 'round_count': 2, 'small_blind_amount': 5, 'seats': [{'name': 'p1', 'uuid': 'zlxsbrkkbrmoskwjlqraow', 'stack': 995, 'state': 'participating'}, {'name': 'p2', 'uuid': 'ivxtewljublgkywrshtabk', 'stack': 985, 'state': 'participating'}], 'action_histories': {'preflop': [{'action': 'SMALLBLIND', 'amount': 5, 'add_amount': 5, 'uuid': 'zlxsbrkkbrmoskwjlqraow'}, {'action': 'BIGBLIND', 'amount': 10, 'add_amount': 5, 'uuid': 'ivxtewljublgkywrshtabk'}, {'action': 'CALL', 'amount': 10, 'paid': 5, 'uuid': 'zlxsbrkkbrmoskwjlqraow'}, {'action': 'CALL', 'amount': 10, 'paid': 0, 'uuid': 'ivxtewljublgkywrshtabk'}], 'flop': [{'action': 'CALL', 'amount': 0, 'paid': 0, 'uuid': 'zlxsbrkkbrmoskwjlqraow'}]}}
Enter some key to continue ..."p1" declared "call:0"
Enter f(fold), c(call), r(raise).
 >> game_update_message
  action {'player_uuid': 'ivxtewljublgkywrshtabk', 'action': 'call', 'amount': 0}
  round_state {'street': 'flop', 'pot': {'main': {'amount': 20}, 'side': []}, 'community_card': ['S7', 'HT', 'H7'], 'dealer_btn': 1, 'next_player': 1, 'small_blind_pos': 0, 'big_blind_pos': 1, 'round_count': 2, 'small_blind_amount': 5, 'seats': [{'name': 'p1', 'uuid': 'zlxsbrkkbrmoskwjlqraow', 'stack': 995, 'state': 'participating'}, {'name': 'p2', 'uuid': 'ivxtewljublgkywrshtabk', 'stack': 985, 'state': 'participating'}], 'action_histories': {'preflop': [{'action': 'SMALLBLIND', 'amount': 5, 'add_amount': 5, 'uuid': 'zlxsbrkkbrmoskwjlqraow'}, {'action': 'BIGBLIND', 'amount': 10, 'add_amount': 5, 'uuid': 'ivxtewljublgkywrshtabk'}, {'action': 'CALL', 'amount': 10, 'paid': 5, 'uuid': 'zlxsbrkkbrmoskwjlqraow'}, {'action': 'CALL', 'amount': 10, 'paid': 0, 'uuid': 'ivxtewljublgkywrshtabk'}], 'flop': [{'action': 'CALL', 'amount': 0, 'paid': 0, 'uuid': 'zlxsbrkkbrmoskwjlqraow'}, {'action': 'CALL', 'amount': 0, 'paid': 0, 'uuid': 'ivxtewljublgkywrshtabk'}]}}
Enter some key to continue ...street_start_message
  street turn
  round_state {'street': 'turn', 'pot': {'main': {'amount': 20}, 'side': []}, 'community_card': ['S7', 'HT', 'H7', 'HQ'], 'dealer_btn': 1, 'next_player': 0, 'small_blind_pos': 0, 'big_blind_pos': 1, 'round_count': 2, 'small_blind_amount': 5, 'seats': [{'name': 'p1', 'uuid': 'zlxsbrkkbrmoskwjlqraow', 'stack': 995, 'state': 'participating'}, {'name': 'p2', 'uuid': 'ivxtewljublgkywrshtabk', 'stack': 985, 'state': 'participating'}], 'action_histories': {'preflop': [{'action': 'SMALLBLIND', 'amount': 5, 'add_amount': 5, 'uuid': 'zlxsbrkkbrmoskwjlqraow'}, {'action': 'BIGBLIND', 'amount': 10, 'add_amount': 5, 'uuid': 'ivxtewljublgkywrshtabk'}, {'action': 'CALL', 'amount': 10, 'paid': 5, 'uuid': 'zlxsbrkkbrmoskwjlqraow'}, {'action': 'CALL', 'amount': 10, 'paid': 0, 'uuid': 'ivxtewljublgkywrshtabk'}], 'flop': [{'action': 'CALL', 'amount': 0, 'paid': 0, 'uuid': 'zlxsbrkkbrmoskwjlqraow'}, {'action': 'CALL', 'amount': 0, 'paid': 0, 'uuid': 'ivxtewljublgkywrshtabk'}], 'turn': []}}
Enter some key to continue ..."p2" declared "call:0"
Street "turn" started. (community card = ['S7', 'HT', 'H7', 'HQ'])
declare_action
  valid_actions: [{'action': 'fold', 'amount': 0}, {'action': 'call', 'amount': 0}, {'action': 'raise', 'amount': {'min': 10, 'max': 995}}]
  hole_cards ['C3', 'CK']
  round_state {'street': 'turn', 'pot': {'main': {'amount': 20}, 'side': []}, 'community_card': ['S7', 'HT', 'H7', 'HQ'], 'dealer_btn': 1, 'next_player': 0, 'small_blind_pos': 0, 'big_blind_pos': 1, 'round_count': 2, 'small_blind_amount': 5, 'seats': [{'name': 'p1', 'uuid': 'zlxsbrkkbrmoskwjlqraow', 'stack': 995, 'state': 'participating'}, {'name': 'p2', 'uuid': 'ivxtewljublgkywrshtabk', 'stack': 985, 'state': 'participating'}], 'action_histories': {'preflop': [{'action': 'SMALLBLIND', 'amount': 5, 'add_amount': 5, 'uuid': 'zlxsbrkkbrmoskwjlqraow'}, {'action': 'BIGBLIND', 'amount': 10, 'add_amount': 5, 'uuid': 'ivxtewljublgkywrshtabk'}, {'action': 'CALL', 'amount': 10, 'paid': 5, 'uuid': 'zlxsbrkkbrmoskwjlqraow'}, {'action': 'CALL', 'amount': 10, 'paid': 0, 'uuid': 'ivxtewljublgkywrshtabk'}], 'flop': [{'action': 'CALL', 'amount': 0, 'paid': 0, 'uuid': 'zlxsbrkkbrmoskwjlqraow'}, {'action': 'CALL', 'amount': 0, 'paid': 0, 'uuid': 'ivxtewljublgkywrshtabk'}], 'turn': []}}
game_update_message
  action {'player_uuid': 'zlxsbrkkbrmoskwjlqraow', 'action': 'call', 'amount': 0}
  round_state {'street': 'turn', 'pot': {'main': {'amount': 20}, 'side': []}, 'community_card': ['S7', 'HT', 'H7', 'HQ'], 'dealer_btn': 1, 'next_player': 0, 'small_blind_pos': 0, 'big_blind_pos': 1, 'round_count': 2, 'small_blind_amount': 5, 'seats': [{'name': 'p1', 'uuid': 'zlxsbrkkbrmoskwjlqraow', 'stack': 995, 'state': 'participating'}, {'name': 'p2', 'uuid': 'ivxtewljublgkywrshtabk', 'stack': 985, 'state': 'participating'}], 'action_histories': {'preflop': [{'action': 'SMALLBLIND', 'amount': 5, 'add_amount': 5, 'uuid': 'zlxsbrkkbrmoskwjlqraow'}, {'action': 'BIGBLIND', 'amount': 10, 'add_amount': 5, 'uuid': 'ivxtewljublgkywrshtabk'}, {'action': 'CALL', 'amount': 10, 'paid': 5, 'uuid': 'zlxsbrkkbrmoskwjlqraow'}, {'action': 'CALL', 'amount': 10, 'paid': 0, 'uuid': 'ivxtewljublgkywrshtabk'}], 'flop': [{'action': 'CALL', 'amount': 0, 'paid': 0, 'uuid': 'zlxsbrkkbrmoskwjlqraow'}, {'action': 'CALL', 'amount': 0, 'paid': 0, 'uuid': 'ivxtewljublgkywrshtabk'}], 'turn': [{'action': 'CALL', 'amount': 0, 'paid': 0, 'uuid': 'zlxsbrkkbrmoskwjlqraow'}]}}
Enter some key to continue ..."p1" declared "call:0"
Enter f(fold), c(call), r(raise).
 >> game_update_message
  action {'player_uuid': 'ivxtewljublgkywrshtabk', 'action': 'call', 'amount': 0}
  round_state {'street': 'turn', 'pot': {'main': {'amount': 20}, 'side': []}, 'community_card': ['S7', 'HT', 'H7', 'HQ'], 'dealer_btn': 1, 'next_player': 1, 'small_blind_pos': 0, 'big_blind_pos': 1, 'round_count': 2, 'small_blind_amount': 5, 'seats': [{'name': 'p1', 'uuid': 'zlxsbrkkbrmoskwjlqraow', 'stack': 995, 'state': 'participating'}, {'name': 'p2', 'uuid': 'ivxtewljublgkywrshtabk', 'stack': 985, 'state': 'participating'}], 'action_histories': {'preflop': [{'action': 'SMALLBLIND', 'amount': 5, 'add_amount': 5, 'uuid': 'zlxsbrkkbrmoskwjlqraow'}, {'action': 'BIGBLIND', 'amount': 10, 'add_amount': 5, 'uuid': 'ivxtewljublgkywrshtabk'}, {'action': 'CALL', 'amount': 10, 'paid': 5, 'uuid': 'zlxsbrkkbrmoskwjlqraow'}, {'action': 'CALL', 'amount': 10, 'paid': 0, 'uuid': 'ivxtewljublgkywrshtabk'}], 'flop': [{'action': 'CALL', 'amount': 0, 'paid': 0, 'uuid': 'zlxsbrkkbrmoskwjlqraow'}, {'action': 'CALL', 'amount': 0, 'paid': 0, 'uuid': 'ivxtewljublgkywrshtabk'}], 'turn': [{'action': 'CALL', 'amount': 0, 'paid': 0, 'uuid': 'zlxsbrkkbrmoskwjlqraow'}, {'action': 'CALL', 'amount': 0, 'paid': 0, 'uuid': 'ivxtewljublgkywrshtabk'}]}}
Enter some key to continue ...street_start_message
  street river
  round_state {'street': 'river', 'pot': {'main': {'amount': 20}, 'side': []}, 'community_card': ['S7', 'HT', 'H7', 'HQ', 'DA'], 'dealer_btn': 1, 'next_player': 0, 'small_blind_pos': 0, 'big_blind_pos': 1, 'round_count': 2, 'small_blind_amount': 5, 'seats': [{'name': 'p1', 'uuid': 'zlxsbrkkbrmoskwjlqraow', 'stack': 995, 'state': 'participating'}, {'name': 'p2', 'uuid': 'ivxtewljublgkywrshtabk', 'stack': 985, 'state': 'participating'}], 'action_histories': {'preflop': [{'action': 'SMALLBLIND', 'amount': 5, 'add_amount': 5, 'uuid': 'zlxsbrkkbrmoskwjlqraow'}, {'action': 'BIGBLIND', 'amount': 10, 'add_amount': 5, 'uuid': 'ivxtewljublgkywrshtabk'}, {'action': 'CALL', 'amount': 10, 'paid': 5, 'uuid': 'zlxsbrkkbrmoskwjlqraow'}, {'action': 'CALL', 'amount': 10, 'paid': 0, 'uuid': 'ivxtewljublgkywrshtabk'}], 'flop': [{'action': 'CALL', 'amount': 0, 'paid': 0, 'uuid': 'zlxsbrkkbrmoskwjlqraow'}, {'action': 'CALL', 'amount': 0, 'paid': 0, 'uuid': 'ivxtewljublgkywrshtabk'}], 'turn': [{'action': 'CALL', 'amount': 0, 'paid': 0, 'uuid': 'zlxsbrkkbrmoskwjlqraow'}, {'action': 'CALL', 'amount': 0, 'paid': 0, 'uuid': 'ivxtewljublgkywrshtabk'}], 'river': []}}
Enter some key to continue ..."p2" declared "call:0"
Street "river" started. (community card = ['S7', 'HT', 'H7', 'HQ', 'DA'])
declare_action
  valid_actions: [{'action': 'fold', 'amount': 0}, {'action': 'call', 'amount': 0}, {'action': 'raise', 'amount': {'min': 10, 'max': 995}}]
  hole_cards ['C3', 'CK']
  round_state {'street': 'river', 'pot': {'main': {'amount': 20}, 'side': []}, 'community_card': ['S7', 'HT', 'H7', 'HQ', 'DA'], 'dealer_btn': 1, 'next_player': 0, 'small_blind_pos': 0, 'big_blind_pos': 1, 'round_count': 2, 'small_blind_amount': 5, 'seats': [{'name': 'p1', 'uuid': 'zlxsbrkkbrmoskwjlqraow', 'stack': 995, 'state': 'participating'}, {'name': 'p2', 'uuid': 'ivxtewljublgkywrshtabk', 'stack': 985, 'state': 'participating'}], 'action_histories': {'preflop': [{'action': 'SMALLBLIND', 'amount': 5, 'add_amount': 5, 'uuid': 'zlxsbrkkbrmoskwjlqraow'}, {'action': 'BIGBLIND', 'amount': 10, 'add_amount': 5, 'uuid': 'ivxtewljublgkywrshtabk'}, {'action': 'CALL', 'amount': 10, 'paid': 5, 'uuid': 'zlxsbrkkbrmoskwjlqraow'}, {'action': 'CALL', 'amount': 10, 'paid': 0, 'uuid': 'ivxtewljublgkywrshtabk'}], 'flop': [{'action': 'CALL', 'amount': 0, 'paid': 0, 'uuid': 'zlxsbrkkbrmoskwjlqraow'}, {'action': 'CALL', 'amount': 0, 'paid': 0, 'uuid': 'ivxtewljublgkywrshtabk'}], 'turn': [{'action': 'CALL', 'amount': 0, 'paid': 0, 'uuid': 'zlxsbrkkbrmoskwjlqraow'}, {'action': 'CALL', 'amount': 0, 'paid': 0, 'uuid': 'ivxtewljublgkywrshtabk'}], 'river': []}}
game_update_message
  action {'player_uuid': 'zlxsbrkkbrmoskwjlqraow', 'action': 'call', 'amount': 0}
  round_state {'street': 'river', 'pot': {'main': {'amount': 20}, 'side': []}, 'community_card': ['S7', 'HT', 'H7', 'HQ', 'DA'], 'dealer_btn': 1, 'next_player': 0, 'small_blind_pos': 0, 'big_blind_pos': 1, 'round_count': 2, 'small_blind_amount': 5, 'seats': [{'name': 'p1', 'uuid': 'zlxsbrkkbrmoskwjlqraow', 'stack': 995, 'state': 'participating'}, {'name': 'p2', 'uuid': 'ivxtewljublgkywrshtabk', 'stack': 985, 'state': 'participating'}], 'action_histories': {'preflop': [{'action': 'SMALLBLIND', 'amount': 5, 'add_amount': 5, 'uuid': 'zlxsbrkkbrmoskwjlqraow'}, {'action': 'BIGBLIND', 'amount': 10, 'add_amount': 5, 'uuid': 'ivxtewljublgkywrshtabk'}, {'action': 'CALL', 'amount': 10, 'paid': 5, 'uuid': 'zlxsbrkkbrmoskwjlqraow'}, {'action': 'CALL', 'amount': 10, 'paid': 0, 'uuid': 'ivxtewljublgkywrshtabk'}], 'flop': [{'action': 'CALL', 'amount': 0, 'paid': 0, 'uuid': 'zlxsbrkkbrmoskwjlqraow'}, {'action': 'CALL', 'amount': 0, 'paid': 0, 'uuid': 'ivxtewljublgkywrshtabk'}], 'turn': [{'action': 'CALL', 'amount': 0, 'paid': 0, 'uuid': 'zlxsbrkkbrmoskwjlqraow'}, {'action': 'CALL', 'amount': 0, 'paid': 0, 'uuid': 'ivxtewljublgkywrshtabk'}], 'river': [{'action': 'CALL', 'amount': 0, 'paid': 0, 'uuid': 'zlxsbrkkbrmoskwjlqraow'}]}}
Enter some key to continue ..."p1" declared "call:0"
Enter f(fold), c(call), r(raise).
 >> game_update_message
  action {'player_uuid': 'ivxtewljublgkywrshtabk', 'action': 'call', 'amount': 0}
  round_state {'street': 'river', 'pot': {'main': {'amount': 20}, 'side': []}, 'community_card': ['S7', 'HT', 'H7', 'HQ', 'DA'], 'dealer_btn': 1, 'next_player': 1, 'small_blind_pos': 0, 'big_blind_pos': 1, 'round_count': 2, 'small_blind_amount': 5, 'seats': [{'name': 'p1', 'uuid': 'zlxsbrkkbrmoskwjlqraow', 'stack': 995, 'state': 'participating'}, {'name': 'p2', 'uuid': 'ivxtewljublgkywrshtabk', 'stack': 985, 'state': 'participating'}], 'action_histories': {'preflop': [{'action': 'SMALLBLIND', 'amount': 5, 'add_amount': 5, 'uuid': 'zlxsbrkkbrmoskwjlqraow'}, {'action': 'BIGBLIND', 'amount': 10, 'add_amount': 5, 'uuid': 'ivxtewljublgkywrshtabk'}, {'action': 'CALL', 'amount': 10, 'paid': 5, 'uuid': 'zlxsbrkkbrmoskwjlqraow'}, {'action': 'CALL', 'amount': 10, 'paid': 0, 'uuid': 'ivxtewljublgkywrshtabk'}], 'flop': [{'action': 'CALL', 'amount': 0, 'paid': 0, 'uuid': 'zlxsbrkkbrmoskwjlqraow'}, {'action': 'CALL', 'amount': 0, 'paid': 0, 'uuid': 'ivxtewljublgkywrshtabk'}], 'turn': [{'action': 'CALL', 'amount': 0, 'paid': 0, 'uuid': 'zlxsbrkkbrmoskwjlqraow'}, {'action': 'CALL', 'amount': 0, 'paid': 0, 'uuid': 'ivxtewljublgkywrshtabk'}], 'river': [{'action': 'CALL', 'amount': 0, 'paid': 0, 'uuid': 'zlxsbrkkbrmoskwjlqraow'}, {'action': 'CALL', 'amount': 0, 'paid': 0, 'uuid': 'ivxtewljublgkywrshtabk'}]}}
Enter some key to continue ..."p2" declared "call:0"
"['p2']" won the round 2 (stack = {'p1': 995, 'p2': 1005})
round_result_message
  winners [{'name': 'p2', 'uuid': 'ivxtewljublgkywrshtabk', 'stack': 1005, 'state': 'participating'}]
  hand_info [{'uuid': 'zlxsbrkkbrmoskwjlqraow', 'hand': {'hand': {'strength': 'ONEPAIR', 'high': 7, 'low': 0}, 'hole': {'high': 13, 'low': 3}}}, {'uuid': 'ivxtewljublgkywrshtabk', 'hand': {'hand': {'strength': 'FLASH', 'high': 12, 'low': 0}, 'hole': {'high': 6, 'low': 3}}}]
  round_state {'street': 'showdown', 'pot': {'main': {'amount': 20}, 'side': []}, 'community_card': ['S7', 'HT', 'H7', 'HQ', 'DA'], 'dealer_btn': 1, 'next_player': 0, 'small_blind_pos': 0, 'big_blind_pos': 1, 'round_count': 2, 'small_blind_amount': 5, 'seats': [{'name': 'p1', 'uuid': 'zlxsbrkkbrmoskwjlqraow', 'stack': 995, 'state': 'participating'}, {'name': 'p2', 'uuid': 'ivxtewljublgkywrshtabk', 'stack': 1005, 'state': 'participating'}], 'action_histories': {'preflop': [{'action': 'SMALLBLIND', 'amount': 5, 'add_amount': 5, 'uuid': 'zlxsbrkkbrmoskwjlqraow'}, {'action': 'BIGBLIND', 'amount': 10, 'add_amount': 5, 'uuid': 'ivxtewljublgkywrshtabk'}, {'action': 'CALL', 'amount': 10, 'paid': 5, 'uuid': 'zlxsbrkkbrmoskwjlqraow'}, {'action': 'CALL', 'amount': 10, 'paid': 0, 'uuid': 'ivxtewljublgkywrshtabk'}], 'flop': [{'action': 'CALL', 'amount': 0, 'paid': 0, 'uuid': 'zlxsbrkkbrmoskwjlqraow'}, {'action': 'CALL', 'amount': 0, 'paid': 0, 'uuid': 'ivxtewljublgkywrshtabk'}], 'turn': [{'action': 'CALL', 'amount': 0, 'paid': 0, 'uuid': 'zlxsbrkkbrmoskwjlqraow'}, {'action': 'CALL', 'amount': 0, 'paid': 0, 'uuid': 'ivxtewljublgkywrshtabk'}], 'river': [{'action': 'CALL', 'amount': 0, 'paid': 0, 'uuid': 'zlxsbrkkbrmoskwjlqraow'}, {'action': 'CALL', 'amount': 0, 'paid': 0, 'uuid': 'ivxtewljublgkywrshtabk'}]}}
Enter some key to continue ...